<?xml version="1.0" encoding="UTF-8"?>
<!-- Generated by org.testng.reporters.JUnitReportReporter -->
<testsuite hostname="DESKTOP-OS617JJ" failures="0" tests="3" name="org.ait.kitaconnection.tests.SignInPageTests" time="28.935" errors="0" timestamp="2023-11-22T11:47:02 MEZ" skipped="0">
  <testcase classname="org.ait.kitaconnection.tests.SignInPageTests" name="signOutPositiveTest" time="7.159"/>
  <testcase classname="org.ait.kitaconnection.tests.SignInPageTests" name="signInWithWrongEmailNegativeTest" time="12.996"/>
  <testcase classname="org.ait.kitaconnection.tests.SignInPageTests" name="signInPositiveTest" time="8.780"/>
</testsuite> <!-- org.ait.kitaconnection.tests.SignInPageTests -->
